<?xml version="1.0" encoding="UTF-8"?>
<!-- Generated by org.testng.reporters.JUnitXMLReporter -->
<testsuite ignored="2" hostname="Lenovo" failures="0" tests="1" name="Default test" time="10.054" errors="0" timestamp="2021-12-28T19:55:11 IST">
  <testcase classname="HomePageTest.DressPageTest" name="verifyProductIsAddredTocart" time="9.67"/>
  <testcase classname="HomePageTest.DressPageTest" name="verifySizesIsDispalyed" time="0.0">
    <ignored/>
  </testcase> <!-- verifySizesIsDispalyed -->
  <testcase classname="HomePageTest.DressPageTest" name="verifyHeadingCountIsEqualToProductCount" time="0.0">
    <ignored/>
  </testcase> <!-- verifyHeadingCountIsEqualToProductCount -->
</testsuite> <!-- Default test -->
