<?xml version="1.0" encoding="UTF-8"?>
<!-- Generated by org.testng.reporters.JUnitXMLReporter -->
<testsuite ignored="0" hostname="Lenovo" failures="0" tests="8" name="test" time="83.475" errors="0" timestamp="2021-12-26T16:55:37 IST">
  <testcase classname="HomePageTest.HomePageTest" name="verifyMainTabsAreDisplayedOrNot" time="0.557"/>
  <testcase classname="HomePageTest.HomePageTest" name="verifyNagivateFunction" time="51.798"/>
  <testcase classname="HomePageTest.HomePageTest" name="verifyEmail_id" time="4.287"/>
  <testcase classname="HomePageTest.DressPageTest" name="verifySizesIsDispalyed" time="4.361"/>
  <testcase classname="HomePageTest.DressPageTest" name="verifyHeadingCountIsEqualToProductCount" time="3.669"/>
  <testcase classname="HomePageTest.DressPageTest" name="verifyProductIsAddredTocart" time="3.986"/>
  <testcase classname="HomePageTest.ProductPageTest" name="verifyProductDiscriptionIsDisplayed" time="8.176"/>
  <testcase classname="HomePageTest.ProductPageTest" name="verifySocialLinksOrDisplayedOrNot" time="6.362"/>
</testsuite> <!-- test -->
