<?xml version="1.0" encoding="UTF-8"?>
<!-- Generated by org.testng.reporters.JUnitXMLReporter -->
<testsuite ignored="0" hostname="Lenovo" failures="0" tests="8" name="test" time="109.56" errors="0" timestamp="2021-12-27T21:44:31 IST">
  <testcase classname="HomePageTest.HomePageTest" name="verifyMainTabsAreDisplayedOrNot" time="0.619"/>
  <testcase classname="HomePageTest.HomePageTest" name="verifyNagivateFunction" time="20.234"/>
  <testcase classname="HomePageTest.HomePageTest" name="verifyEmail_id" time="7.706"/>
  <testcase classname="HomePageTest.DressPageTest" name="verifySizesIsDispalyed" time="8.967"/>
  <testcase classname="HomePageTest.DressPageTest" name="verifyHeadingCountIsEqualToProductCount" time="8.416"/>
  <testcase classname="HomePageTest.DressPageTest" name="verifyProductIsAddredTocart" time="9.484"/>
  <testcase classname="HomePageTest.ProductPageTest" name="verifyProductDiscriptionIsDisplayed" time="27.199"/>
  <testcase classname="HomePageTest.ProductPageTest" name="verifySocialLinksOrDisplayedOrNot" time="26.653"/>
</testsuite> <!-- test -->
