<?xml version="1.0" encoding="UTF-8"?>
<testng-results ignored="2" total="3" passed="1" failed="0" skipped="0">
  <reporter-output>
  </reporter-output>
  <suite started-at="2021-12-28T19:55:01 IST" name="Default suite" finished-at="2021-12-28T19:55:11 IST" duration-ms="10054">
    <groups>
    </groups>
    <test started-at="2021-12-28T19:55:01 IST" name="Default test" finished-at="2021-12-28T19:55:11 IST" duration-ms="10054">
      <class name="HomePageTest.DressPageTest">
        <test-method signature="verifyProductIsAddredTocart()[pri:2, instance:HomePageTest.DressPageTest@6b54655f]" started-at="2021-12-28T19:55:01 IST" name="verifyProductIsAddredTocart" finished-at="2021-12-28T19:55:11 IST" duration-ms="9670" status="PASS">
          <reporter-output>
          </reporter-output>
        </test-method> <!-- verifyProductIsAddredTocart -->
      </class> <!-- HomePageTest.DressPageTest -->
    </test> <!-- Default test -->
  </suite> <!-- Default suite -->
</testng-results>
